TN:
SF:src/utils/drag-resize.js
FN:10,bindHorizontalDrag
FN:13,(anonymous_1)
FN:19,(anonymous_2)
FN:25,(anonymous_3)
FN:39,bindVerticalDrag
FN:42,(anonymous_5)
FN:48,(anonymous_6)
FN:54,(anonymous_7)
FN:63,clamp
FNF:9
FNH:9
FNDA:6,bindHorizontalDrag
FNDA:10,(anonymous_1)
FNDA:6,(anonymous_2)
FNDA:6,(anonymous_3)
FNDA:5,bindVerticalDrag
FNDA:3,(anonymous_5)
FNDA:4,(anonymous_6)
FNDA:5,(anonymous_7)
FNDA:9,clamp
DA:11,6
DA:13,6
DA:14,10
DA:15,10
DA:16,10
DA:19,6
DA:20,6
DA:21,6
DA:22,6
DA:25,6
DA:26,6
DA:27,6
DA:28,6
DA:29,6
DA:30,6
DA:40,5
DA:42,5
DA:43,3
DA:44,3
DA:45,3
DA:48,5
DA:49,4
DA:50,4
DA:51,4
DA:54,5
DA:55,5
DA:56,5
DA:57,5
DA:58,5
DA:59,5
DA:64,9
LF:31
LH:31
BRF:0
BRH:0
end_of_record
TN:
SF:src/utils/html-utils.js
FN:7,prettyFormatHtml
FN:11,(anonymous_1)
FN:21,(anonymous_2)
FN:31,(anonymous_3)
FN:36,(anonymous_4)
FN:44,serializeDesignArea
FN:48,(anonymous_6)
FN:54,(anonymous_7)
FN:64,serializeDesignAreaWithIds
FN:68,(anonymous_9)
FN:77,_stripInternalAttrs
FN:81,(anonymous_11)
FN:92,wrapHtmlDocument
FN:170,escapeAttr
FN:175,escapeHtml
FN:180,rgbToHex
FN:183,(anonymous_16)
FN:187,getStyleValue
FNF:18
FNH:17
FNDA:5,prettyFormatHtml
FNDA:8,(anonymous_1)
FNDA:1,(anonymous_2)
FNDA:4,(anonymous_3)
FNDA:4,(anonymous_4)
FNDA:6,serializeDesignArea
FNDA:5,(anonymous_6)
FNDA:2,(anonymous_7)
FNDA:2,serializeDesignAreaWithIds
FNDA:2,(anonymous_9)
FNDA:7,_stripInternalAttrs
FNDA:0,(anonymous_11)
FNDA:9,wrapHtmlDocument
FNDA:7,escapeAttr
FNDA:7,escapeHtml
FNDA:7,rgbToHex
FNDA:15,(anonymous_16)
FNDA:3,getStyleValue
DA:8,5
DA:9,5
DA:11,5
DA:12,8
DA:13,8
DA:14,3
DA:15,3
DA:17,5
DA:19,5
DA:20,5
DA:21,1
DA:23,5
DA:25,8
DA:26,8
DA:28,4
DA:30,4
DA:31,4
DA:32,4
DA:35,5
DA:36,5
DA:37,5
DA:45,6
DA:46,6
DA:47,6
DA:48,6
DA:49,5
DA:50,5
DA:51,5
DA:52,5
DA:53,5
DA:54,2
DA:55,2
DA:56,1
DA:60,6
DA:65,2
DA:66,2
DA:67,2
DA:68,2
DA:69,2
DA:70,2
DA:71,2
DA:73,2
DA:78,7
DA:79,0
DA:80,0
DA:81,0
DA:82,0
DA:83,0
DA:84,0
DA:85,0
DA:93,9
DA:101,9
DA:102,2
DA:104,9
DA:135,9
DA:136,2
DA:137,2
DA:138,2
DA:143,2
DA:144,2
DA:145,2
DA:146,2
DA:147,2
DA:148,2
DA:149,2
DA:150,2
DA:151,2
DA:152,2
DA:153,2
DA:154,2
DA:155,2
DA:156,2
DA:157,2
DA:158,2
DA:159,2
DA:160,2
DA:161,2
DA:162,2
DA:164,9
DA:165,9
DA:166,9
DA:171,7
DA:176,7
DA:181,7
DA:182,7
DA:183,15
DA:188,3
DA:189,3
DA:190,2
DA:191,1
LF:90
LH:83
BRDA:11,0,0,8
BRDA:13,1,0,3
BRDA:13,1,1,5
BRDA:15,2,0,3
BRDA:15,2,1,0
BRDA:17,3,0,0
BRDA:17,3,1,5
BRDA:23,4,0,1
BRDA:23,4,1,4
BRDA:26,5,0,1
BRDA:26,5,1,7
BRDA:28,6,0,0
BRDA:28,6,1,4
BRDA:37,7,0,5
BRDA:37,7,1,1
BRDA:44,8,0,6
BRDA:44,9,0,6
BRDA:53,10,0,2
BRDA:53,10,1,3
BRDA:55,11,0,1
BRDA:55,11,1,1
BRDA:56,12,0,1
BRDA:56,12,1,0
BRDA:60,13,0,6
BRDA:60,13,1,1
BRDA:64,14,0,2
BRDA:73,15,0,2
BRDA:73,15,1,0
BRDA:78,16,0,7
BRDA:78,16,1,0
BRDA:80,17,0,0
BRDA:80,17,1,0
BRDA:83,18,0,0
BRDA:83,18,1,0
BRDA:83,19,0,0
BRDA:83,19,1,0
BRDA:83,19,2,0
BRDA:84,20,0,0
BRDA:84,20,1,0
BRDA:84,21,0,0
BRDA:84,21,1,0
BRDA:85,22,0,0
BRDA:85,22,1,0
BRDA:92,23,0,9
BRDA:92,24,0,9
BRDA:101,25,0,2
BRDA:101,25,1,7
BRDA:133,26,0,9
BRDA:133,26,1,7
BRDA:135,27,0,2
BRDA:135,27,1,7
BRDA:171,28,0,7
BRDA:171,28,1,2
BRDA:176,29,0,7
BRDA:176,29,1,2
BRDA:182,30,0,2
BRDA:182,30,1,5
BRDA:188,31,0,3
BRDA:188,31,1,1
BRDA:189,32,0,1
BRDA:189,32,1,2
BRDA:190,33,0,1
BRDA:190,33,1,1
BRF:63
BRH:44
end_of_record
TN:
SF:src/utils/tab-manager.js
FN:25,(anonymous_0)
FN:35,(anonymous_1)
FN:37,(anonymous_2)
FN:39,(anonymous_3)
FN:43,(anonymous_4)
FN:49,(anonymous_5)
FN:50,(anonymous_6)
FN:51,(anonymous_7)
FNF:8
FNH:0
FNDA:0,(anonymous_0)
FNDA:0,(anonymous_1)
FNDA:0,(anonymous_2)
FNDA:0,(anonymous_3)
FNDA:0,(anonymous_4)
FNDA:0,(anonymous_5)
FNDA:0,(anonymous_6)
FNDA:0,(anonymous_7)
DA:26,0
DA:27,0
DA:28,0
DA:29,0
DA:30,0
DA:31,0
DA:36,0
DA:37,0
DA:38,0
DA:39,0
DA:40,0
DA:42,0
DA:43,0
DA:44,0
DA:46,0
DA:50,0
DA:51,0
LF:17
LH:0
BRDA:25,0,0,0
BRDA:25,1,0,0
BRDA:25,2,0,0
BRDA:27,3,0,0
BRDA:27,3,1,0
BRDA:28,4,0,0
BRDA:28,4,1,0
BRDA:31,5,0,0
BRDA:31,5,1,0
BRDA:36,6,0,0
BRDA:36,6,1,0
BRDA:42,7,0,0
BRDA:42,7,1,0
BRF:13
BRH:0
end_of_record
